INFO [2025-05-19 14:56:42] [[1]]
INFO [2025-05-19 14:56:42] x
INFO [2025-05-19 14:56:42] 
INFO [2025-05-19 14:56:42] $filename
INFO [2025-05-19 14:56:42] filename
INFO [2025-05-19 14:56:42] 
INFO [2025-05-19 14:56:42] $col
INFO [2025-05-19 14:56:42] col
INFO [2025-05-19 14:56:42] 
INFO [2025-05-19 14:56:42] $fill
INFO [2025-05-19 14:56:42] mycol[seq_len(n)]
INFO [2025-05-19 14:56:42] 
INFO [2025-05-19 14:56:42] $alpha
INFO [2025-05-19 14:56:42] alpha
INFO [2025-05-19 14:56:42] 
INFO [2025-05-19 14:56:42] $cex
INFO [2025-05-19 14:56:42] cex
INFO [2025-05-19 14:56:42] 
INFO [2025-05-19 14:56:42] $cat.col
INFO [2025-05-19 14:56:42] mycol[seq_len(n)]
INFO [2025-05-19 14:56:42] 
INFO [2025-05-19 14:56:42] $cat.cex
INFO [2025-05-19 14:56:42] cat.cex
INFO [2025-05-19 14:56:42] 
INFO [2025-05-19 14:56:42] $cat.fontface
INFO [2025-05-19 14:56:42] cat.fontface
INFO [2025-05-19 14:56:42] 
INFO [2025-05-19 14:56:42] $margin
INFO [2025-05-19 14:56:42] margin
INFO [2025-05-19 14:56:42] 
