INFO [2025-05-19 14:54:32] [[1]]
INFO [2025-05-19 14:54:32] x
INFO [2025-05-19 14:54:32] 
INFO [2025-05-19 14:54:32] $filename
INFO [2025-05-19 14:54:32] filename
INFO [2025-05-19 14:54:32] 
INFO [2025-05-19 14:54:32] $col
INFO [2025-05-19 14:54:32] col
INFO [2025-05-19 14:54:32] 
INFO [2025-05-19 14:54:32] $fill
INFO [2025-05-19 14:54:32] mycol[seq_len(n)]
INFO [2025-05-19 14:54:32] 
INFO [2025-05-19 14:54:32] $alpha
INFO [2025-05-19 14:54:32] alpha
INFO [2025-05-19 14:54:32] 
INFO [2025-05-19 14:54:32] $cex
INFO [2025-05-19 14:54:32] cex
INFO [2025-05-19 14:54:32] 
INFO [2025-05-19 14:54:32] $cat.col
INFO [2025-05-19 14:54:32] mycol[seq_len(n)]
INFO [2025-05-19 14:54:32] 
INFO [2025-05-19 14:54:32] $cat.cex
INFO [2025-05-19 14:54:32] cat.cex
INFO [2025-05-19 14:54:32] 
INFO [2025-05-19 14:54:32] $cat.fontface
INFO [2025-05-19 14:54:32] cat.fontface
INFO [2025-05-19 14:54:32] 
INFO [2025-05-19 14:54:32] $margin
INFO [2025-05-19 14:54:32] margin
INFO [2025-05-19 14:54:32] 
